TN:
SF:src\controllers\dishController.js
FN:4,(anonymous_0)
FN:14,(anonymous_1)
FN:24,(anonymous_2)
FN:36,(anonymous_3)
FN:49,(anonymous_4)
FNF:5
FNH:2
FNDA:2,(anonymous_0)
FNDA:1,(anonymous_1)
FNDA:0,(anonymous_2)
FNDA:0,(anonymous_3)
FNDA:0,(anonymous_4)
DA:1,1
DA:4,1
DA:5,2
DA:6,2
DA:7,1
DA:9,1
DA:14,1
DA:15,1
DA:16,1
DA:17,1
DA:19,0
DA:24,1
DA:25,0
DA:26,0
DA:27,0
DA:28,0
DA:30,0
DA:36,1
DA:37,0
DA:38,0
DA:41,0
DA:42,0
DA:44,0
DA:49,1
DA:50,0
DA:51,0
DA:52,0
DA:53,0
DA:55,0
DA:60,1
LF:30
LH:14
BRDA:27,0,0,0
BRDA:27,0,1,0
BRDA:41,1,0,0
BRDA:41,1,1,0
BRDA:52,2,0,0
BRDA:52,2,1,0
BRF:6
BRH:0
end_of_record
TN:
SF:src\middleware\authMiddleware.js
FN:5,(anonymous_0)
FN:27,(anonymous_1)
FN:28,(anonymous_2)
FNF:3
FNH:1
FNDA:2,(anonymous_0)
FNDA:0,(anonymous_1)
FNDA:0,(anonymous_2)
DA:1,1
DA:2,1
DA:5,1
DA:8,2
DA:9,1
DA:11,1
DA:13,1
DA:15,1
DA:16,1
DA:18,0
DA:21,2
DA:22,1
DA:27,1
DA:28,0
DA:30,0
DA:31,0
DA:35,0
LF:17
LH:12
BRDA:8,0,0,1
BRDA:8,0,1,1
BRDA:8,1,0,2
BRDA:8,1,1,1
BRDA:21,2,0,1
BRDA:21,2,1,1
BRDA:30,3,0,0
BRDA:30,3,1,0
BRF:8
BRH:6
end_of_record
TN:
SF:src\models\dishModel.js
FNF:0
FNH:0
DA:1,1
DA:3,1
DA:39,1
LF:3
LH:3
BRF:0
BRH:0
end_of_record
TN:
SF:src\models\userModel.js
FN:28,(anonymous_0)
FN:36,(anonymous_1)
FNF:2
FNH:0
FNDA:0,(anonymous_0)
FNDA:0,(anonymous_1)
DA:1,1
DA:2,1
DA:4,1
DA:28,1
DA:30,0
DA:32,0
DA:33,0
DA:36,1
DA:37,0
DA:40,1
LF:10
LH:6
BRDA:30,0,0,0
BRDA:30,0,1,0
BRF:2
BRH:0
end_of_record
